<?xml version="1.0" encoding="UTF-8"?>
<testng-results ignored="0" total="1" passed="1" failed="0" skipped="0">
  <reporter-output>
  </reporter-output>
  <suite started-at="2023-06-10T21:59:06 IST" name="iNetBankingV3" finished-at="2023-06-10T21:59:24 IST" duration-ms="18204">
    <groups>
    </groups>
    <test started-at="2023-06-10T21:59:06 IST" name="BankingApp Test" finished-at="2023-06-10T21:59:24 IST" duration-ms="18204">
      <class name="com.inetBanking.testCases.TC_LoginTest_001">
        <test-method is-config="true" signature="setUp(java.lang.String)[pri:0, instance:com.inetBanking.testCases.TC_LoginTest_001@72e5a8e]" started-at="2023-06-10T21:59:06 IST" name="setUp" finished-at="2023-06-10T21:59:19 IST" duration-ms="13134" status="PASS">
          <params>
            <param index="0">
              <value>
                <![CDATA[chrome]]>
              </value>
            </param>
          </params>
          <reporter-output>
          </reporter-output>
        </test-method> <!-- setUp -->
        <test-method signature="loginTest()[pri:0, instance:com.inetBanking.testCases.TC_LoginTest_001@72e5a8e]" started-at="2023-06-10T21:59:19 IST" name="loginTest" finished-at="2023-06-10T21:59:24 IST" duration-ms="4591" status="PASS">
          <reporter-output>
          </reporter-output>
        </test-method> <!-- loginTest -->
        <test-method is-config="true" signature="tearDown()[pri:0, instance:com.inetBanking.testCases.TC_LoginTest_001@72e5a8e]" started-at="2023-06-10T21:59:24 IST" name="tearDown" finished-at="2023-06-10T21:59:24 IST" duration-ms="446" status="PASS">
          <reporter-output>
          </reporter-output>
        </test-method> <!-- tearDown -->
      </class> <!-- com.inetBanking.testCases.TC_LoginTest_001 -->
    </test> <!-- BankingApp Test -->
  </suite> <!-- iNetBankingV3 -->
</testng-results>
